{"name": "test_authorized_browser", "status": "broken", "statusDetails": {"message": "selenium.common.exceptions.NoSuchElementException: Message: no such element: Unable to locate element: {\"method\":\"css selector\",\"selector\":\"[id=\"login\"]\"}\n  (Session info: chrome=125.0.6422.78); For documentation on this error, please visit: https://www.selenium.dev/documentation/webdriver/troubleshooting/errors#no-such-element-exception\nStacktrace:\n\tGetHandleVerifier [0x00007FF6E3191F22+60322]\n\t(No symbol) [0x00007FF6E310CE99]\n\t(No symbol) [0x00007FF6E2FC7EBA]\n\t(No symbol) [0x00007FF6E3017676]\n\t(No symbol) [0x00007FF6E301773C]\n\t(No symbol) [0x00007FF6E305E967]\n\t(No symbol) [0x00007FF6E303C25F]\n\t(No symbol) [0x00007FF6E305BC80]\n\t(No symbol) [0x00007FF6E303BFC3]\n\t(No symbol) [0x00007FF6E3009617]\n\t(No symbol) [0x00007FF6E300A211]\n\tGetHandleVerifier [0x00007FF6E34A946D+3301613]\n\tGetHandleVerifier [0x00007FF6E34F3693+3605267]\n\tGetHandleVerifier [0x00007FF6E34E9410+3563664]\n\tGetHandleVerifier [0x00007FF6E32442F6+790390]\n\t(No symbol) [0x00007FF6E31174DF]\n\t(No symbol) [0x00007FF6E31133D4]\n\t(No symbol) [0x00007FF6E3113562]\n\t(No symbol) [0x00007FF6E3102F6F]\n\tBaseThreadInitThunk [0x00007FFFCE567344+20]\n\tRtlUserThreadStart [0x00007FFFCFF426B1+33]", "trace": "browser = <selenium.webdriver.chrome.webdriver.WebDriver (session=\"a87c14b2428afccc26d7fd3b0a17a071\")>\n\n    def test_authorized_browser(browser):\n        with allure.step(\"Open browser autorization page\"):\n            autorization_page = AutorizationPage(browser)\n    \n        with allure.step(\"Go to web-side\"):\n            autorization_page.open()\n            sleep(1)\n    \n        with allure.step(\"Sing in\"):\n            autorization_page.sing_in()\n    \n        with allure.step(\"Switch to new window\"):\n            new_window = browser.window_handles[1]\n            browser.switch_to.window(new_window)\n    \n        with allure.step(\"Post\"):\n>           autorization_page.post()\n\ntests\\test_autorization.py:24: \n_ _ _ _ _ _ _ _ _ _ _ _ _ _ _ _ _ _ _ _ _ _ _ _ _ _ _ _ _ _ _ _ _ _ _ _ _ _ _ _ _ _ _ _ _ _ _ _ _ _ _ _ _ _ _ _ _ _ _ _ _ _ _ _ _ _ _ _ _ _ _ _ _ _ _ _ _ _ _ _ _ _ _ _ _ _ _ _ _ _ _ _ _ _ _ _ _ _ _ _ _ _ _ _ _ _ _ _ _ _ _ _ _ _ _ _ _ _ _ _ _ _ _ _ _ _ _ _ _ _ _ _ _ _ _ _ _ _ _ _ _ _ _ _ _ _ _ _ _ _ _ _ _ _\npages\\autorization_page.py:22: in post\n    self.find(login).click()\npages\\base_page.py:7: in find\n    return self.browser.find_element(*args)\n..\\..\\AppData\\Local\\Programs\\Python\\Python312\\Lib\\site-packages\\selenium\\webdriver\\remote\\webdriver.py:741: in find_element\n    return self.execute(Command.FIND_ELEMENT, {\"using\": by, \"value\": value})[\"value\"]\n..\\..\\AppData\\Local\\Programs\\Python\\Python312\\Lib\\site-packages\\selenium\\webdriver\\remote\\webdriver.py:347: in execute\n    self.error_handler.check_response(response)\n_ _ _ _ _ _ _ _ _ _ _ _ _ _ _ _ _ _ _ _ _ _ _ _ _ _ _ _ _ _ _ _ _ _ _ _ _ _ _ _ _ _ _ _ _ _ _ _ _ _ _ _ _ _ _ _ _ _ _ _ _ _ _ _ _ _ _ _ _ _ _ _ _ _ _ _ _ _ _ _ _ _ _ _ _ _ _ _ _ _ _ _ _ _ _ _ _ _ _ _ _ _ _ _ _ _ _ _ _ _ _ _ _ _ _ _ _ _ _ _ _ _ _ _ _ _ _ _ _ _ _ _ _ _ _ _ _ _ _ _ _ _ _ _ _ _ _ _ _ _ _ _ _ _\n\nself = <selenium.webdriver.remote.errorhandler.ErrorHandler object at 0x0000023FEC6BDDF0>\nresponse = {'status': 404, 'value': '{\"value\":{\"error\":\"no such element\",\"message\":\"no such element: Unable to locate element: {\\...07FF6E3102F6F]\\\\n\\\\tBaseThreadInitThunk [0x00007FFFCE567344+20]\\\\n\\\\tRtlUserThreadStart [0x00007FFFCFF426B1+33]\\\\n\"}}'}\n\n    def check_response(self, response: Dict[str, Any]) -> None:\n        \"\"\"Checks that a JSON response from the WebDriver does not have an\n        error.\n    \n        :Args:\n         - response - The JSON response from the WebDriver server as a dictionary\n           object.\n    \n        :Raises: If the response contains an error message.\n        \"\"\"\n        status = response.get(\"status\", None)\n        if not status or status == ErrorCode.SUCCESS:\n            return\n        value = None\n        message = response.get(\"message\", \"\")\n        screen: str = response.get(\"screen\", \"\")\n        stacktrace = None\n        if isinstance(status, int):\n            value_json = response.get(\"value\", None)\n            if value_json and isinstance(value_json, str):\n                import json\n    \n                try:\n                    value = json.loads(value_json)\n                    if len(value) == 1:\n                        value = value[\"value\"]\n                    status = value.get(\"error\", None)\n                    if not status:\n                        status = value.get(\"status\", ErrorCode.UNKNOWN_ERROR)\n                        message = value.get(\"value\") or value.get(\"message\")\n                        if not isinstance(message, str):\n                            value = message\n                            message = message.get(\"message\")\n                    else:\n                        message = value.get(\"message\", None)\n                except ValueError:\n                    pass\n    \n        exception_class: Type[WebDriverException]\n        e = ErrorCode()\n        error_codes = [item for item in dir(e) if not item.startswith(\"__\")]\n        for error_code in error_codes:\n            error_info = getattr(ErrorCode, error_code)\n            if isinstance(error_info, list) and status in error_info:\n                exception_class = getattr(ExceptionMapping, error_code, WebDriverException)\n                break\n        else:\n            exception_class = WebDriverException\n    \n        if not value:\n            value = response[\"value\"]\n        if isinstance(value, str):\n            raise exception_class(value)\n        if message == \"\" and \"message\" in value:\n            message = value[\"message\"]\n    \n        screen = None  # type: ignore[assignment]\n        if \"screen\" in value:\n            screen = value[\"screen\"]\n    \n        stacktrace = None\n        st_value = value.get(\"stackTrace\") or value.get(\"stacktrace\")\n        if st_value:\n            if isinstance(st_value, str):\n                stacktrace = st_value.split(\"\\n\")\n            else:\n                stacktrace = []\n                try:\n                    for frame in st_value:\n                        line = frame.get(\"lineNumber\", \"\")\n                        file = frame.get(\"fileName\", \"<anonymous>\")\n                        if line:\n                            file = f\"{file}:{line}\"\n                        meth = frame.get(\"methodName\", \"<anonymous>\")\n                        if \"className\" in frame:\n                            meth = f\"{frame['className']}.{meth}\"\n                        msg = \"    at %s (%s)\"\n                        msg = msg % (meth, file)\n                        stacktrace.append(msg)\n                except TypeError:\n                    pass\n        if exception_class == UnexpectedAlertPresentException:\n            alert_text = None\n            if \"data\" in value:\n                alert_text = value[\"data\"].get(\"text\")\n            elif \"alert\" in value:\n                alert_text = value[\"alert\"].get(\"text\")\n            raise exception_class(message, screen, stacktrace, alert_text)  # type: ignore[call-arg]  # mypy is not smart enough here\n>       raise exception_class(message, screen, stacktrace)\nE       selenium.common.exceptions.NoSuchElementException: Message: no such element: Unable to locate element: {\"method\":\"css selector\",\"selector\":\"[id=\"login\"]\"}\nE         (Session info: chrome=125.0.6422.78); For documentation on this error, please visit: https://www.selenium.dev/documentation/webdriver/troubleshooting/errors#no-such-element-exception\nE       Stacktrace:\nE       \tGetHandleVerifier [0x00007FF6E3191F22+60322]\nE       \t(No symbol) [0x00007FF6E310CE99]\nE       \t(No symbol) [0x00007FF6E2FC7EBA]\nE       \t(No symbol) [0x00007FF6E3017676]\nE       \t(No symbol) [0x00007FF6E301773C]\nE       \t(No symbol) [0x00007FF6E305E967]\nE       \t(No symbol) [0x00007FF6E303C25F]\nE       \t(No symbol) [0x00007FF6E305BC80]\nE       \t(No symbol) [0x00007FF6E303BFC3]\nE       \t(No symbol) [0x00007FF6E3009617]\nE       \t(No symbol) [0x00007FF6E300A211]\nE       \tGetHandleVerifier [0x00007FF6E34A946D+3301613]\nE       \tGetHandleVerifier [0x00007FF6E34F3693+3605267]\nE       \tGetHandleVerifier [0x00007FF6E34E9410+3563664]\nE       \tGetHandleVerifier [0x00007FF6E32442F6+790390]\nE       \t(No symbol) [0x00007FF6E31174DF]\nE       \t(No symbol) [0x00007FF6E31133D4]\nE       \t(No symbol) [0x00007FF6E3113562]\nE       \t(No symbol) [0x00007FF6E3102F6F]\nE       \tBaseThreadInitThunk [0x00007FFFCE567344+20]\nE       \tRtlUserThreadStart [0x00007FFFCFF426B1+33]\n\n..\\..\\AppData\\Local\\Programs\\Python\\Python312\\Lib\\site-packages\\selenium\\webdriver\\remote\\errorhandler.py:229: NoSuchElementException"}, "steps": [{"name": "Open browser autorization page", "status": "passed", "start": 1716992491724, "stop": 1716992491724}, {"name": "Go to web-side", "status": "passed", "start": 1716992491724, "stop": 1716992500227}, {"name": "Sing in", "status": "passed", "start": 1716992500227, "stop": 1716992505807}, {"name": "Switch to new window", "status": "passed", "start": 1716992505807, "stop": 1716992505810}, {"name": "Post", "status": "broken", "statusDetails": {"message": "selenium.common.exceptions.NoSuchElementException: Message: no such element: Unable to locate element: {\"method\":\"css selector\",\"selector\":\"[id=\"login\"]\"}\n  (Session info: chrome=125.0.6422.78); For documentation on this error, please visit: https://www.selenium.dev/documentation/webdriver/troubleshooting/errors#no-such-element-exception\nStacktrace:\n\tGetHandleVerifier [0x00007FF6E3191F22+60322]\n\t(No symbol) [0x00007FF6E310CE99]\n\t(No symbol) [0x00007FF6E2FC7EBA]\n\t(No symbol) [0x00007FF6E3017676]\n\t(No symbol) [0x00007FF6E301773C]\n\t(No symbol) [0x00007FF6E305E967]\n\t(No symbol) [0x00007FF6E303C25F]\n\t(No symbol) [0x00007FF6E305BC80]\n\t(No symbol) [0x00007FF6E303BFC3]\n\t(No symbol) [0x00007FF6E3009617]\n\t(No symbol) [0x00007FF6E300A211]\n\tGetHandleVerifier [0x00007FF6E34A946D+3301613]\n\tGetHandleVerifier [0x00007FF6E34F3693+3605267]\n\tGetHandleVerifier [0x00007FF6E34E9410+3563664]\n\tGetHandleVerifier [0x00007FF6E32442F6+790390]\n\t(No symbol) [0x00007FF6E31174DF]\n\t(No symbol) [0x00007FF6E31133D4]\n\t(No symbol) [0x00007FF6E3113562]\n\t(No symbol) [0x00007FF6E3102F6F]\n\tBaseThreadInitThunk [0x00007FFFCE567344+20]\n\tRtlUserThreadStart [0x00007FFFCFF426B1+33]\n\n", "trace": "  File \"C:\\Users\\Админ\\PycharmProjects\\Vlad-7\\tests\\test_autorization.py\", line 24, in test_authorized_browser\n    autorization_page.post()\n  File \"C:\\Users\\Админ\\PycharmProjects\\Vlad-7\\pages\\autorization_page.py\", line 22, in post\n    self.find(login).click()\n    ^^^^^^^^^^^^^^^^\n  File \"C:\\Users\\Админ\\PycharmProjects\\Vlad-7\\pages\\base_page.py\", line 7, in find\n    return self.browser.find_element(*args)\n           ^^^^^^^^^^^^^^^^^^^^^^^^^^^^^^^^\n  File \"C:\\Users\\Админ\\AppData\\Local\\Programs\\Python\\Python312\\Lib\\site-packages\\selenium\\webdriver\\remote\\webdriver.py\", line 741, in find_element\n    return self.execute(Command.FIND_ELEMENT, {\"using\": by, \"value\": value})[\"value\"]\n           ^^^^^^^^^^^^^^^^^^^^^^^^^^^^^^^^^^^^^^^^^^^^^^^^^^^^^^^^^^^^^^^^^\n  File \"C:\\Users\\Админ\\AppData\\Local\\Programs\\Python\\Python312\\Lib\\site-packages\\selenium\\webdriver\\remote\\webdriver.py\", line 347, in execute\n    self.error_handler.check_response(response)\n  File \"C:\\Users\\Админ\\AppData\\Local\\Programs\\Python\\Python312\\Lib\\site-packages\\selenium\\webdriver\\remote\\errorhandler.py\", line 229, in check_response\n    raise exception_class(message, screen, stacktrace)\n"}, "start": 1716992505810, "stop": 1716992515861}], "start": 1716992491724, "stop": 1716992515886, "uuid": "28e29d77-2b67-43ea-9e74-c884f7acb471", "historyId": "7cf7bc37532fbdb60fa2c3124e39234a", "testCaseId": "7cf7bc37532fbdb60fa2c3124e39234a", "fullName": "tests.test_autorization#test_authorized_browser", "labels": [{"name": "parentSuite", "value": "tests"}, {"name": "suite", "value": "test_autorization"}, {"name": "host", "value": "DESKTOP-0BM2ERP"}, {"name": "thread", "value": "6380-MainThread"}, {"name": "framework", "value": "pytest"}, {"name": "language", "value": "cpython3"}, {"name": "package", "value": "tests.test_autorization"}]}