{"name": "test_filter_1", "status": "broken", "statusDetails": {"message": "selenium.common.exceptions.NoSuchElementException: Message: no such element: Unable to locate element: {\"method\":\"css selector\",\"selector\":\"[id=\"login\"]\"}\n  (Session info: chrome=124.0.6367.210); For documentation on this error, please visit: https://www.selenium.dev/documentation/webdriver/troubleshooting/errors#no-such-element-exception\nStacktrace:\n\tGetHandleVerifier [0x00007FF623C81522+60802]\n\t(No symbol) [0x00007FF623BFAC22]\n\t(No symbol) [0x00007FF623AB7CE4]\n\t(No symbol) [0x00007FF623B06D4D]\n\t(No symbol) [0x00007FF623B06E1C]\n\t(No symbol) [0x00007FF623B4CE37]\n\t(No symbol) [0x00007FF623B2ABBF]\n\t(No symbol) [0x00007FF623B4A224]\n\t(No symbol) [0x00007FF623B2A923]\n\t(No symbol) [0x00007FF623AF8FEC]\n\t(No symbol) [0x00007FF623AF9C21]\n\tGetHandleVerifier [0x00007FF623F841BD+3217949]\n\tGetHandleVerifier [0x00007FF623FC6157+3488183]\n\tGetHandleVerifier [0x00007FF623FBF0DF+3459391]\n\tGetHandleVerifier [0x00007FF623D3B8E6+823622]\n\t(No symbol) [0x00007FF623C05FBF]\n\t(No symbol) [0x00007FF623C00EE4]\n\t(No symbol) [0x00007FF623C01072]\n\t(No symbol) [0x00007FF623BF18C4]\n\tBaseThreadInitThunk [0x00007FFCB0847344+20]\n\tRtlUserThreadStart [0x00007FFCB1DA26B1+33]", "trace": "browser = <selenium.webdriver.chrome.webdriver.WebDriver (session=\"dd84a36e234208a61561661dd41ecaca\")>\n\n    @pytest.fixture()\n    @allure.feature('Authorization')\n    @allure.story(\"Authorization story\")\n    @allure.description('This test will perform authorization to the websie')\n    def authorized_browser(browser):\n        with allure.step(\"Open browser autorization page\"):\n            autorization_page = AutorizationPage(browser)\n    \n        with allure.step(\"Go to web-side\"):\n            autorization_page.open()\n            sleep(1)\n    \n        with allure.step(\"Sing in\"):\n            autorization_page.sing_in()\n    \n        with allure.step(\"Switch to new window\"):\n            new_window = browser.window_handles[1]\n            browser.switch_to.window(new_window)\n    \n        with allure.step(\"Post\"):\n>           autorization_page.post\n\ntests\\test_autorization.py:31: \n_ _ _ _ _ _ _ _ _ _ _ _ _ _ _ _ _ _ _ _ _ _ _ _ _ _ _ _ _ _ _ _ _ _ _ _ _ _ _ _ _ _ _ _ _ _ _ _ _ _ _ _ _ _ _ _ _ _ _ _ _ _ _ _ _ _ _ _ _ _ _ _ _ _ _ _ _ _ _ _ _ _ _ _ _ _ _ _ _ _ _ _ _ _ _ _ _ _ _ _ _ _ _ _ _ _ _ _ _ _ _ _ _ _ _ _\npages\\autorization.py:24: in post\n    self.find(login).click()\npages\\base.py:7: in find\n    return self.browser.find_element(*args)\nvenv\\Lib\\site-packages\\selenium\\webdriver\\remote\\webdriver.py:741: in find_element\n    return self.execute(Command.FIND_ELEMENT, {\"using\": by, \"value\": value})[\"value\"]\nvenv\\Lib\\site-packages\\selenium\\webdriver\\remote\\webdriver.py:347: in execute\n    self.error_handler.check_response(response)\n_ _ _ _ _ _ _ _ _ _ _ _ _ _ _ _ _ _ _ _ _ _ _ _ _ _ _ _ _ _ _ _ _ _ _ _ _ _ _ _ _ _ _ _ _ _ _ _ _ _ _ _ _ _ _ _ _ _ _ _ _ _ _ _ _ _ _ _ _ _ _ _ _ _ _ _ _ _ _ _ _ _ _ _ _ _ _ _ _ _ _ _ _ _ _ _ _ _ _ _ _ _ _ _ _ _ _ _ _ _ _ _ _ _ _ _\n\nself = <selenium.webdriver.remote.errorhandler.ErrorHandler object at 0x000002D40E201BD0>\nresponse = {'status': 404, 'value': '{\"value\":{\"error\":\"no such element\",\"message\":\"no such element: Unable to locate element: {\\...07FF623BF18C4]\\\\n\\\\tBaseThreadInitThunk [0x00007FFCB0847344+20]\\\\n\\\\tRtlUserThreadStart [0x00007FFCB1DA26B1+33]\\\\n\"}}'}\n\n    def check_response(self, response: Dict[str, Any]) -> None:\n        \"\"\"Checks that a JSON response from the WebDriver does not have an\n        error.\n    \n        :Args:\n         - response - The JSON response from the WebDriver server as a dictionary\n           object.\n    \n        :Raises: If the response contains an error message.\n        \"\"\"\n        status = response.get(\"status\", None)\n        if not status or status == ErrorCode.SUCCESS:\n            return\n        value = None\n        message = response.get(\"message\", \"\")\n        screen: str = response.get(\"screen\", \"\")\n        stacktrace = None\n        if isinstance(status, int):\n            value_json = response.get(\"value\", None)\n            if value_json and isinstance(value_json, str):\n                import json\n    \n                try:\n                    value = json.loads(value_json)\n                    if len(value) == 1:\n                        value = value[\"value\"]\n                    status = value.get(\"error\", None)\n                    if not status:\n                        status = value.get(\"status\", ErrorCode.UNKNOWN_ERROR)\n                        message = value.get(\"value\") or value.get(\"message\")\n                        if not isinstance(message, str):\n                            value = message\n                            message = message.get(\"message\")\n                    else:\n                        message = value.get(\"message\", None)\n                except ValueError:\n                    pass\n    \n        exception_class: Type[WebDriverException]\n        e = ErrorCode()\n        error_codes = [item for item in dir(e) if not item.startswith(\"__\")]\n        for error_code in error_codes:\n            error_info = getattr(ErrorCode, error_code)\n            if isinstance(error_info, list) and status in error_info:\n                exception_class = getattr(ExceptionMapping, error_code, WebDriverException)\n                break\n        else:\n            exception_class = WebDriverException\n    \n        if not value:\n            value = response[\"value\"]\n        if isinstance(value, str):\n            raise exception_class(value)\n        if message == \"\" and \"message\" in value:\n            message = value[\"message\"]\n    \n        screen = None  # type: ignore[assignment]\n        if \"screen\" in value:\n            screen = value[\"screen\"]\n    \n        stacktrace = None\n        st_value = value.get(\"stackTrace\") or value.get(\"stacktrace\")\n        if st_value:\n            if isinstance(st_value, str):\n                stacktrace = st_value.split(\"\\n\")\n            else:\n                stacktrace = []\n                try:\n                    for frame in st_value:\n                        line = frame.get(\"lineNumber\", \"\")\n                        file = frame.get(\"fileName\", \"<anonymous>\")\n                        if line:\n                            file = f\"{file}:{line}\"\n                        meth = frame.get(\"methodName\", \"<anonymous>\")\n                        if \"className\" in frame:\n                            meth = f\"{frame['className']}.{meth}\"\n                        msg = \"    at %s (%s)\"\n                        msg = msg % (meth, file)\n                        stacktrace.append(msg)\n                except TypeError:\n                    pass\n        if exception_class == UnexpectedAlertPresentException:\n            alert_text = None\n            if \"data\" in value:\n                alert_text = value[\"data\"].get(\"text\")\n            elif \"alert\" in value:\n                alert_text = value[\"alert\"].get(\"text\")\n            raise exception_class(message, screen, stacktrace, alert_text)  # type: ignore[call-arg]  # mypy is not smart enough here\n>       raise exception_class(message, screen, stacktrace)\nE       selenium.common.exceptions.NoSuchElementException: Message: no such element: Unable to locate element: {\"method\":\"css selector\",\"selector\":\"[id=\"login\"]\"}\nE         (Session info: chrome=124.0.6367.210); For documentation on this error, please visit: https://www.selenium.dev/documentation/webdriver/troubleshooting/errors#no-such-element-exception\nE       Stacktrace:\nE       \tGetHandleVerifier [0x00007FF623C81522+60802]\nE       \t(No symbol) [0x00007FF623BFAC22]\nE       \t(No symbol) [0x00007FF623AB7CE4]\nE       \t(No symbol) [0x00007FF623B06D4D]\nE       \t(No symbol) [0x00007FF623B06E1C]\nE       \t(No symbol) [0x00007FF623B4CE37]\nE       \t(No symbol) [0x00007FF623B2ABBF]\nE       \t(No symbol) [0x00007FF623B4A224]\nE       \t(No symbol) [0x00007FF623B2A923]\nE       \t(No symbol) [0x00007FF623AF8FEC]\nE       \t(No symbol) [0x00007FF623AF9C21]\nE       \tGetHandleVerifier [0x00007FF623F841BD+3217949]\nE       \tGetHandleVerifier [0x00007FF623FC6157+3488183]\nE       \tGetHandleVerifier [0x00007FF623FBF0DF+3459391]\nE       \tGetHandleVerifier [0x00007FF623D3B8E6+823622]\nE       \t(No symbol) [0x00007FF623C05FBF]\nE       \t(No symbol) [0x00007FF623C00EE4]\nE       \t(No symbol) [0x00007FF623C01072]\nE       \t(No symbol) [0x00007FF623BF18C4]\nE       \tBaseThreadInitThunk [0x00007FFCB0847344+20]\nE       \tRtlUserThreadStart [0x00007FFCB1DA26B1+33]\n\nvenv\\Lib\\site-packages\\selenium\\webdriver\\remote\\errorhandler.py:229: NoSuchElementException"}, "start": 1716479951270, "stop": 1716479951270, "uuid": "102f0340-8990-41de-a12a-2eabb259e2d9", "historyId": "bc53d51b0dc0c6ed0d9a39b424db99f3", "testCaseId": "bc53d51b0dc0c6ed0d9a39b424db99f3", "fullName": "tests.test_filter_1#test_filter_1", "labels": [{"name": "parentSuite", "value": "tests"}, {"name": "suite", "value": "test_filter_1"}, {"name": "host", "value": "601-09ssd"}, {"name": "thread", "value": "1040-MainThread"}, {"name": "framework", "value": "pytest"}, {"name": "language", "value": "cpython3"}, {"name": "package", "value": "tests.test_filter_1"}]}