{"name": "test_filter_2", "status": "broken", "statusDetails": {"message": "selenium.common.exceptions.TimeoutException: Message: \nStacktrace:\n\tGetHandleVerifier [0x00007FF697701F22+60322]\n\t(No symbol) [0x00007FF69767CE99]\n\t(No symbol) [0x00007FF697537EBA]\n\t(No symbol) [0x00007FF697587676]\n\t(No symbol) [0x00007FF69758773C]\n\t(No symbol) [0x00007FF6975CE967]\n\t(No symbol) [0x00007FF6975AC25F]\n\t(No symbol) [0x00007FF6975CBC80]\n\t(No symbol) [0x00007FF6975ABFC3]\n\t(No symbol) [0x00007FF697579617]\n\t(No symbol) [0x00007FF69757A211]\n\tGetHandleVerifier [0x00007FF697A1946D+3301613]\n\tGetHandleVerifier [0x00007FF697A63693+3605267]\n\tGetHandleVerifier [0x00007FF697A59410+3563664]\n\tGetHandleVerifier [0x00007FF6977B42F6+790390]\n\t(No symbol) [0x00007FF6976874DF]\n\t(No symbol) [0x00007FF6976833D4]\n\t(No symbol) [0x00007FF697683562]\n\t(No symbol) [0x00007FF697672F6F]\n\tBaseThreadInitThunk [0x00007FFD988B74B4+20]\n\tRtlUserThreadStart [0x00007FFD98DC26A1+33]", "trace": "browser = <selenium.webdriver.chrome.webdriver.WebDriver (session=\"8bd40594e0a90ad4cf3dc37d5f2d570e\")>\n\n    def test_filter_2(browser):\n        with allure.step('Test filter_2'):\n            filters_page_2 = FiltersPage2(browser)\n    \n        with allure.step(\"open_filters_2\"):\n            filters_page_2.open()\n            sleep(3)\n    \n        with allure.step(\"open_search\"):\n            filters_page_2.open_search()\n    \n        with allure.step(\"find_plus\"):\n            filters_page_2.find_plus()\n    \n        with allure.step(\"plus\"):\n            filters_page_2.plus()\n    \n        with allure.step(\"send1\"):\n>           filters_page_2.send1()\n\ntests\\test_filter_2.py:24: \n_ _ _ _ _ _ _ _ _ _ _ _ _ _ _ _ _ _ _ _ _ _ _ _ _ _ _ _ _ _ _ _ _ _ _ _ _ _ _ _ _ _ _ _ _ _ _ _ _ _ _ _ _ _ _ _ _ _ _ _ _ _ _ _ _ _ _ _ _ _ _ _ _ _ _ _ _ _ _ _ _ _ _ _ _ _ _ _ _ _ _ _ _ _ _ _ _ _ _ _ _ _ _ _ _ _ _ _ _ _ _ _ _ _\npages\\filter_2.py:38: in send1\n    input_element = WebDriverWait(self.browser, 10).until(\n_ _ _ _ _ _ _ _ _ _ _ _ _ _ _ _ _ _ _ _ _ _ _ _ _ _ _ _ _ _ _ _ _ _ _ _ _ _ _ _ _ _ _ _ _ _ _ _ _ _ _ _ _ _ _ _ _ _ _ _ _ _ _ _ _ _ _ _ _ _ _ _ _ _ _ _ _ _ _ _ _ _ _ _ _ _ _ _ _ _ _ _ _ _ _ _ _ _ _ _ _ _ _ _ _ _ _ _ _ _ _ _ _ _\n\nself = <selenium.webdriver.support.wait.WebDriverWait (session=\"8bd40594e0a90ad4cf3dc37d5f2d570e\")>, method = <function element_to_be_clickable.<locals>._predicate at 0x0000017D6AAAEF20>, message = ''\n\n    def until(self, method: Callable[[D], Union[Literal[False], T]], message: str = \"\") -> T:\n        \"\"\"Calls the method provided with the driver as an argument until the \\\n        return value does not evaluate to ``False``.\n    \n        :param method: callable(WebDriver)\n        :param message: optional message for :exc:`TimeoutException`\n        :returns: the result of the last call to `method`\n        :raises: :exc:`selenium.common.exceptions.TimeoutException` if timeout occurs\n        \"\"\"\n        screen = None\n        stacktrace = None\n    \n        end_time = time.monotonic() + self._timeout\n        while True:\n            try:\n                value = method(self._driver)\n                if value:\n                    return value\n            except self._ignored_exceptions as exc:\n                screen = getattr(exc, \"screen\", None)\n                stacktrace = getattr(exc, \"stacktrace\", None)\n            time.sleep(self._poll)\n            if time.monotonic() > end_time:\n                break\n>       raise TimeoutException(message, screen, stacktrace)\nE       selenium.common.exceptions.TimeoutException: Message: \nE       Stacktrace:\nE       \tGetHandleVerifier [0x00007FF697701F22+60322]\nE       \t(No symbol) [0x00007FF69767CE99]\nE       \t(No symbol) [0x00007FF697537EBA]\nE       \t(No symbol) [0x00007FF697587676]\nE       \t(No symbol) [0x00007FF69758773C]\nE       \t(No symbol) [0x00007FF6975CE967]\nE       \t(No symbol) [0x00007FF6975AC25F]\nE       \t(No symbol) [0x00007FF6975CBC80]\nE       \t(No symbol) [0x00007FF6975ABFC3]\nE       \t(No symbol) [0x00007FF697579617]\nE       \t(No symbol) [0x00007FF69757A211]\nE       \tGetHandleVerifier [0x00007FF697A1946D+3301613]\nE       \tGetHandleVerifier [0x00007FF697A63693+3605267]\nE       \tGetHandleVerifier [0x00007FF697A59410+3563664]\nE       \tGetHandleVerifier [0x00007FF6977B42F6+790390]\nE       \t(No symbol) [0x00007FF6976874DF]\nE       \t(No symbol) [0x00007FF6976833D4]\nE       \t(No symbol) [0x00007FF697683562]\nE       \t(No symbol) [0x00007FF697672F6F]\nE       \tBaseThreadInitThunk [0x00007FFD988B74B4+20]\nE       \tRtlUserThreadStart [0x00007FFD98DC26A1+33]\n\nvenv\\Lib\\site-packages\\selenium\\webdriver\\support\\wait.py:105: TimeoutException"}, "steps": [{"name": "Test filter_2", "status": "passed", "start": 1716830389491, "stop": 1716830389491}, {"name": "open_filters_2", "status": "passed", "start": 1716830389491, "stop": 1716830394676}, {"name": "open_search", "status": "passed", "start": 1716830394676, "stop": 1716830396731}, {"name": "find_plus", "status": "passed", "start": 1716830396731, "stop": 1716830396740}, {"name": "plus", "status": "passed", "start": 1716830396740, "stop": 1716830396767}, {"name": "send1", "status": "broken", "statusDetails": {"message": "selenium.common.exceptions.TimeoutException: Message: \nStacktrace:\n\tGetHandleVerifier [0x00007FF697701F22+60322]\n\t(No symbol) [0x00007FF69767CE99]\n\t(No symbol) [0x00007FF697537EBA]\n\t(No symbol) [0x00007FF697587676]\n\t(No symbol) [0x00007FF69758773C]\n\t(No symbol) [0x00007FF6975CE967]\n\t(No symbol) [0x00007FF6975AC25F]\n\t(No symbol) [0x00007FF6975CBC80]\n\t(No symbol) [0x00007FF6975ABFC3]\n\t(No symbol) [0x00007FF697579617]\n\t(No symbol) [0x00007FF69757A211]\n\tGetHandleVerifier [0x00007FF697A1946D+3301613]\n\tGetHandleVerifier [0x00007FF697A63693+3605267]\n\tGetHandleVerifier [0x00007FF697A59410+3563664]\n\tGetHandleVerifier [0x00007FF6977B42F6+790390]\n\t(No symbol) [0x00007FF6976874DF]\n\t(No symbol) [0x00007FF6976833D4]\n\t(No symbol) [0x00007FF697683562]\n\t(No symbol) [0x00007FF697672F6F]\n\tBaseThreadInitThunk [0x00007FFD988B74B4+20]\n\tRtlUserThreadStart [0x00007FFD98DC26A1+33]\n\n", "trace": "  File \"C:\\Users\\BaybusinovV\\PycharmProjects\\Vlad-7\\tests\\test_filter_2.py\", line 24, in test_filter_2\n    filters_page_2.send1()\n  File \"C:\\Users\\BaybusinovV\\PycharmProjects\\Vlad-7\\pages\\filter_2.py\", line 38, in send1\n    input_element = WebDriverWait(self.browser, 10).until(\n                    ^^^^^^^^^^^^^^^^^^^^^^^^^^^^^^^^^^^^^^\n  File \"C:\\Users\\BaybusinovV\\PycharmProjects\\Vlad-7\\venv\\Lib\\site-packages\\selenium\\webdriver\\support\\wait.py\", line 105, in until\n    raise TimeoutException(message, screen, stacktrace)\n"}, "start": 1716830396767, "stop": 1716830407330}], "start": 1716830389491, "stop": 1716830407330, "uuid": "3e7e165b-7721-4fb4-84f3-f62a8be484bf", "historyId": "f0387d49e8fbe599162a5d270e4e83d4", "testCaseId": "f0387d49e8fbe599162a5d270e4e83d4", "fullName": "tests.test_filter_2#test_filter_2", "labels": [{"name": "parentSuite", "value": "tests"}, {"name": "suite", "value": "test_filter_2"}, {"name": "host", "value": "006-01"}, {"name": "thread", "value": "27796-MainThread"}, {"name": "framework", "value": "pytest"}, {"name": "language", "value": "cpython3"}, {"name": "package", "value": "tests.test_filter_2"}]}