{"name": "test_filter_2", "status": "broken", "statusDetails": {"message": "selenium.common.exceptions.NoSuchElementException: Message: no such element: Unable to locate element: {\"method\":\"xpath\",\"selector\":\"//span[text='Ингредиенты, детали']\"}\n  (Session info: chrome=124.0.6367.208); For documentation on this error, please visit: https://www.selenium.dev/documentation/webdriver/troubleshooting/errors#no-such-element-exception\nStacktrace:\n\tGetHandleVerifier [0x00007FF7B6ED1522+60802]\n\t(No symbol) [0x00007FF7B6E4AC22]\n\t(No symbol) [0x00007FF7B6D07CE4]\n\t(No symbol) [0x00007FF7B6D56D4D]\n\t(No symbol) [0x00007FF7B6D56E1C]\n\t(No symbol) [0x00007FF7B6D9CE37]\n\t(No symbol) [0x00007FF7B6D7ABBF]\n\t(No symbol) [0x00007FF7B6D9A224]\n\t(No symbol) [0x00007FF7B6D7A923]\n\t(No symbol) [0x00007FF7B6D48FEC]\n\t(No symbol) [0x00007FF7B6D49C21]\n\tGetHandleVerifier [0x00007FF7B71D41BD+3217949]\n\tGetHandleVerifier [0x00007FF7B7216157+3488183]\n\tGetHandleVerifier [0x00007FF7B720F0DF+3459391]\n\tGetHandleVerifier [0x00007FF7B6F8B8E6+823622]\n\t(No symbol) [0x00007FF7B6E55FBF]\n\t(No symbol) [0x00007FF7B6E50EE4]\n\t(No symbol) [0x00007FF7B6E51072]\n\t(No symbol) [0x00007FF7B6E418C4]\n\tBaseThreadInitThunk [0x00007FF822367344+20]\n\tRtlUserThreadStart [0x00007FF8232226B1+33]", "trace": "browser = <selenium.webdriver.chrome.webdriver.WebDriver (session=\"eca7ddce87c0896a5b577910f504c0c1\")>, authorized_browser = <selenium.webdriver.chrome.webdriver.WebDriver (session=\"eca7ddce87c0896a5b577910f504c0c1\")>\n\n    def test_filter_2(browser,authorized_browser):\n        with allure.step('Test filter_2'):\n            filters_page_2 = FiltersPage2(browser)\n    \n        with allure.step(\"open_filters_2\"):\n            filters_page_2.open()\n        with allure.step(\"open_search\"):\n>           filters_page_2.open_search()\n\ntests\\test_filter_2.py:13: \n_ _ _ _ _ _ _ _ _ _ _ _ _ _ _ _ _ _ _ _ _ _ _ _ _ _ _ _ _ _ _ _ _ _ _ _ _ _ _ _ _ _ _ _ _ _ _ _ _ _ _ _ _ _ _ _ _ _ _ _ _ _ _ _ _ _ _ _ _ _ _ _ _ _ _ _ _ _ _ _ _ _ _ _ _ _ _ _ _ _ _ _ _ _ _ _ _ _ _ _ _ _ _ _ _ _ _ _ _ _ _ _ _ _ _ _\npages\\filter_2.py:18: in open_search\n    self.find((By.XPATH, \"//span[text='Ингредиенты, детали']\")).click()\npages\\base.py:7: in find\n    return self.browser.find_element(*args)\nvenv\\Lib\\site-packages\\selenium\\webdriver\\remote\\webdriver.py:741: in find_element\n    return self.execute(Command.FIND_ELEMENT, {\"using\": by, \"value\": value})[\"value\"]\nvenv\\Lib\\site-packages\\selenium\\webdriver\\remote\\webdriver.py:347: in execute\n    self.error_handler.check_response(response)\n_ _ _ _ _ _ _ _ _ _ _ _ _ _ _ _ _ _ _ _ _ _ _ _ _ _ _ _ _ _ _ _ _ _ _ _ _ _ _ _ _ _ _ _ _ _ _ _ _ _ _ _ _ _ _ _ _ _ _ _ _ _ _ _ _ _ _ _ _ _ _ _ _ _ _ _ _ _ _ _ _ _ _ _ _ _ _ _ _ _ _ _ _ _ _ _ _ _ _ _ _ _ _ _ _ _ _ _ _ _ _ _ _ _ _ _\n\nself = <selenium.webdriver.remote.errorhandler.ErrorHandler object at 0x000001BEB248B410>\nresponse = {'status': 404, 'value': '{\"value\":{\"error\":\"no such element\",\"message\":\"no such element: Unable to locate element: {\\...07FF7B6E418C4]\\\\n\\\\tBaseThreadInitThunk [0x00007FF822367344+20]\\\\n\\\\tRtlUserThreadStart [0x00007FF8232226B1+33]\\\\n\"}}'}\n\n    def check_response(self, response: Dict[str, Any]) -> None:\n        \"\"\"Checks that a JSON response from the WebDriver does not have an\n        error.\n    \n        :Args:\n         - response - The JSON response from the WebDriver server as a dictionary\n           object.\n    \n        :Raises: If the response contains an error message.\n        \"\"\"\n        status = response.get(\"status\", None)\n        if not status or status == ErrorCode.SUCCESS:\n            return\n        value = None\n        message = response.get(\"message\", \"\")\n        screen: str = response.get(\"screen\", \"\")\n        stacktrace = None\n        if isinstance(status, int):\n            value_json = response.get(\"value\", None)\n            if value_json and isinstance(value_json, str):\n                import json\n    \n                try:\n                    value = json.loads(value_json)\n                    if len(value) == 1:\n                        value = value[\"value\"]\n                    status = value.get(\"error\", None)\n                    if not status:\n                        status = value.get(\"status\", ErrorCode.UNKNOWN_ERROR)\n                        message = value.get(\"value\") or value.get(\"message\")\n                        if not isinstance(message, str):\n                            value = message\n                            message = message.get(\"message\")\n                    else:\n                        message = value.get(\"message\", None)\n                except ValueError:\n                    pass\n    \n        exception_class: Type[WebDriverException]\n        e = ErrorCode()\n        error_codes = [item for item in dir(e) if not item.startswith(\"__\")]\n        for error_code in error_codes:\n            error_info = getattr(ErrorCode, error_code)\n            if isinstance(error_info, list) and status in error_info:\n                exception_class = getattr(ExceptionMapping, error_code, WebDriverException)\n                break\n        else:\n            exception_class = WebDriverException\n    \n        if not value:\n            value = response[\"value\"]\n        if isinstance(value, str):\n            raise exception_class(value)\n        if message == \"\" and \"message\" in value:\n            message = value[\"message\"]\n    \n        screen = None  # type: ignore[assignment]\n        if \"screen\" in value:\n            screen = value[\"screen\"]\n    \n        stacktrace = None\n        st_value = value.get(\"stackTrace\") or value.get(\"stacktrace\")\n        if st_value:\n            if isinstance(st_value, str):\n                stacktrace = st_value.split(\"\\n\")\n            else:\n                stacktrace = []\n                try:\n                    for frame in st_value:\n                        line = frame.get(\"lineNumber\", \"\")\n                        file = frame.get(\"fileName\", \"<anonymous>\")\n                        if line:\n                            file = f\"{file}:{line}\"\n                        meth = frame.get(\"methodName\", \"<anonymous>\")\n                        if \"className\" in frame:\n                            meth = f\"{frame['className']}.{meth}\"\n                        msg = \"    at %s (%s)\"\n                        msg = msg % (meth, file)\n                        stacktrace.append(msg)\n                except TypeError:\n                    pass\n        if exception_class == UnexpectedAlertPresentException:\n            alert_text = None\n            if \"data\" in value:\n                alert_text = value[\"data\"].get(\"text\")\n            elif \"alert\" in value:\n                alert_text = value[\"alert\"].get(\"text\")\n            raise exception_class(message, screen, stacktrace, alert_text)  # type: ignore[call-arg]  # mypy is not smart enough here\n>       raise exception_class(message, screen, stacktrace)\nE       selenium.common.exceptions.NoSuchElementException: Message: no such element: Unable to locate element: {\"method\":\"xpath\",\"selector\":\"//span[text='Ингредиенты, детали']\"}\nE         (Session info: chrome=124.0.6367.208); For documentation on this error, please visit: https://www.selenium.dev/documentation/webdriver/troubleshooting/errors#no-such-element-exception\nE       Stacktrace:\nE       \tGetHandleVerifier [0x00007FF7B6ED1522+60802]\nE       \t(No symbol) [0x00007FF7B6E4AC22]\nE       \t(No symbol) [0x00007FF7B6D07CE4]\nE       \t(No symbol) [0x00007FF7B6D56D4D]\nE       \t(No symbol) [0x00007FF7B6D56E1C]\nE       \t(No symbol) [0x00007FF7B6D9CE37]\nE       \t(No symbol) [0x00007FF7B6D7ABBF]\nE       \t(No symbol) [0x00007FF7B6D9A224]\nE       \t(No symbol) [0x00007FF7B6D7A923]\nE       \t(No symbol) [0x00007FF7B6D48FEC]\nE       \t(No symbol) [0x00007FF7B6D49C21]\nE       \tGetHandleVerifier [0x00007FF7B71D41BD+3217949]\nE       \tGetHandleVerifier [0x00007FF7B7216157+3488183]\nE       \tGetHandleVerifier [0x00007FF7B720F0DF+3459391]\nE       \tGetHandleVerifier [0x00007FF7B6F8B8E6+823622]\nE       \t(No symbol) [0x00007FF7B6E55FBF]\nE       \t(No symbol) [0x00007FF7B6E50EE4]\nE       \t(No symbol) [0x00007FF7B6E51072]\nE       \t(No symbol) [0x00007FF7B6E418C4]\nE       \tBaseThreadInitThunk [0x00007FF822367344+20]\nE       \tRtlUserThreadStart [0x00007FF8232226B1+33]\n\nvenv\\Lib\\site-packages\\selenium\\webdriver\\remote\\errorhandler.py:229: NoSuchElementException"}, "steps": [{"name": "Test filter_2", "status": "passed", "start": 1716307713041, "stop": 1716307713041}, {"name": "open_filters_2", "status": "passed", "start": 1716307713041, "stop": 1716307732159}, {"name": "open_search", "status": "broken", "statusDetails": {"message": "selenium.common.exceptions.NoSuchElementException: Message: no such element: Unable to locate element: {\"method\":\"xpath\",\"selector\":\"//span[text='Ингредиенты, детали']\"}\n  (Session info: chrome=124.0.6367.208); For documentation on this error, please visit: https://www.selenium.dev/documentation/webdriver/troubleshooting/errors#no-such-element-exception\nStacktrace:\n\tGetHandleVerifier [0x00007FF7B6ED1522+60802]\n\t(No symbol) [0x00007FF7B6E4AC22]\n\t(No symbol) [0x00007FF7B6D07CE4]\n\t(No symbol) [0x00007FF7B6D56D4D]\n\t(No symbol) [0x00007FF7B6D56E1C]\n\t(No symbol) [0x00007FF7B6D9CE37]\n\t(No symbol) [0x00007FF7B6D7ABBF]\n\t(No symbol) [0x00007FF7B6D9A224]\n\t(No symbol) [0x00007FF7B6D7A923]\n\t(No symbol) [0x00007FF7B6D48FEC]\n\t(No symbol) [0x00007FF7B6D49C21]\n\tGetHandleVerifier [0x00007FF7B71D41BD+3217949]\n\tGetHandleVerifier [0x00007FF7B7216157+3488183]\n\tGetHandleVerifier [0x00007FF7B720F0DF+3459391]\n\tGetHandleVerifier [0x00007FF7B6F8B8E6+823622]\n\t(No symbol) [0x00007FF7B6E55FBF]\n\t(No symbol) [0x00007FF7B6E50EE4]\n\t(No symbol) [0x00007FF7B6E51072]\n\t(No symbol) [0x00007FF7B6E418C4]\n\tBaseThreadInitThunk [0x00007FF822367344+20]\n\tRtlUserThreadStart [0x00007FF8232226B1+33]\n\n", "trace": "  File \"C:\\Users\\BaybusinovV\\PycharmProjects\\Vlad-7\\tests\\test_filter_2.py\", line 13, in test_filter_2\n    filters_page_2.open_search()\n  File \"C:\\Users\\BaybusinovV\\PycharmProjects\\Vlad-7\\pages\\filter_2.py\", line 18, in open_search\n    self.find((By.XPATH, \"//span[text='Ингредиенты, детали']\")).click()\n    ^^^^^^^^^^^^^^^^^^^^^^^^^^^^^^^^^^^^^^^^^^^^^^^^^^^^^^^^^^^\n  File \"C:\\Users\\BaybusinovV\\PycharmProjects\\Vlad-7\\pages\\base.py\", line 7, in find\n    return self.browser.find_element(*args)\n           ^^^^^^^^^^^^^^^^^^^^^^^^^^^^^^^^\n  File \"C:\\Users\\BaybusinovV\\PycharmProjects\\Vlad-7\\venv\\Lib\\site-packages\\selenium\\webdriver\\remote\\webdriver.py\", line 741, in find_element\n    return self.execute(Command.FIND_ELEMENT, {\"using\": by, \"value\": value})[\"value\"]\n           ^^^^^^^^^^^^^^^^^^^^^^^^^^^^^^^^^^^^^^^^^^^^^^^^^^^^^^^^^^^^^^^^^\n  File \"C:\\Users\\BaybusinovV\\PycharmProjects\\Vlad-7\\venv\\Lib\\site-packages\\selenium\\webdriver\\remote\\webdriver.py\", line 347, in execute\n    self.error_handler.check_response(response)\n  File \"C:\\Users\\BaybusinovV\\PycharmProjects\\Vlad-7\\venv\\Lib\\site-packages\\selenium\\webdriver\\remote\\errorhandler.py\", line 229, in check_response\n    raise exception_class(message, screen, stacktrace)\n"}, "start": 1716307732159, "stop": 1716307742176}], "start": 1716307713041, "stop": 1716307742176, "uuid": "9378b1f1-b0a9-42aa-8540-253eb8213d10", "historyId": "f0387d49e8fbe599162a5d270e4e83d4", "testCaseId": "f0387d49e8fbe599162a5d270e4e83d4", "fullName": "tests.test_filter_2#test_filter_2", "labels": [{"name": "parentSuite", "value": "tests"}, {"name": "suite", "value": "test_filter_2"}, {"name": "host", "value": "601-09ssd"}, {"name": "thread", "value": "5116-MainThread"}, {"name": "framework", "value": "pytest"}, {"name": "language", "value": "cpython3"}, {"name": "package", "value": "tests.test_filter_2"}]}