{"name": "test_filter_2", "status": "broken", "statusDetails": {"message": "selenium.common.exceptions.JavascriptException: Message: javascript error: {\"status\":32,\"value\":\"Unable to locate an element with the xpath expression //div[@class=['emotion-182j3cv'] [1] because of the following error:\\nSyntaxError: Failed to execute 'evaluate' on 'Document': The string '//div[@class=['emotion-182j3cv'] [1]' is not a valid XPath expression.\"}\n  (Session info: chrome=124.0.6367.210)\nStacktrace:\n\tGetHandleVerifier [0x00007FF623C81522+60802]\n\t(No symbol) [0x00007FF623BFAC22]\n\t(No symbol) [0x00007FF623AB7CE4]\n\t(No symbol) [0x00007FF623ABDE26]\n\t(No symbol) [0x00007FF623AC01DB]\n\t(No symbol) [0x00007FF623AC0280]\n\t(No symbol) [0x00007FF623B06A11]\n\t(No symbol) [0x00007FF623B06E1C]\n\t(No symbol) [0x00007FF623B4CE37]\n\t(No symbol) [0x00007FF623B2ABBF]\n\t(No symbol) [0x00007FF623B4A224]\n\t(No symbol) [0x00007FF623B2A923]\n\t(No symbol) [0x00007FF623AF8FEC]\n\t(No symbol) [0x00007FF623AF9C21]\n\tGetHandleVerifier [0x00007FF623F841BD+3217949]\n\tGetHandleVerifier [0x00007FF623FC6157+3488183]\n\tGetHandleVerifier [0x00007FF623FBF0DF+3459391]\n\tGetHandleVerifier [0x00007FF623D3B8E6+823622]\n\t(No symbol) [0x00007FF623C05FBF]\n\t(No symbol) [0x00007FF623C00EE4]\n\t(No symbol) [0x00007FF623C01072]\n\t(No symbol) [0x00007FF623BF18C4]\n\tBaseThreadInitThunk [0x00007FFCB0847344+20]\n\tRtlUserThreadStart [0x00007FFCB1DA26B1+33]", "trace": "browser = <selenium.webdriver.chrome.webdriver.WebDriver (session=\"f158459ed966b65998a1f8121d9ca54d\")>, authorized_browser = <selenium.webdriver.chrome.webdriver.WebDriver (session=\"f158459ed966b65998a1f8121d9ca54d\")>\n\n    def test_filter_2(browser, authorized_browser):\n        with allure.step('Test filter_2'):\n            filters_page_2 = FiltersPage2(browser)\n    \n        with allure.step(\"open_filters_2\"):\n            filters_page_2.open()\n            sleep(3)\n    \n        with allure.step(\"open_search\"):\n            filters_page_2.open_search()\n    \n        with allure.step(\"plus\"):\n>           filters_page_2.plus()\n\ntests\\test_filter_2.py:19: \n_ _ _ _ _ _ _ _ _ _ _ _ _ _ _ _ _ _ _ _ _ _ _ _ _ _ _ _ _ _ _ _ _ _ _ _ _ _ _ _ _ _ _ _ _ _ _ _ _ _ _ _ _ _ _ _ _ _ _ _ _ _ _ _ _ _ _ _ _ _ _ _ _ _ _ _ _ _ _ _ _ _ _ _ _ _ _ _ _ _ _ _ _ _ _ _ _ _ _ _ _ _ _ _ _ _ _ _ _ _ _ _ _ _ _ _\npages\\filter_2.py:23: in plus\n    self.find(plus_ingredients).click()\npages\\base.py:7: in find\n    return self.browser.find_element(*args)\nvenv\\Lib\\site-packages\\selenium\\webdriver\\remote\\webdriver.py:741: in find_element\n    return self.execute(Command.FIND_ELEMENT, {\"using\": by, \"value\": value})[\"value\"]\nvenv\\Lib\\site-packages\\selenium\\webdriver\\remote\\webdriver.py:347: in execute\n    self.error_handler.check_response(response)\n_ _ _ _ _ _ _ _ _ _ _ _ _ _ _ _ _ _ _ _ _ _ _ _ _ _ _ _ _ _ _ _ _ _ _ _ _ _ _ _ _ _ _ _ _ _ _ _ _ _ _ _ _ _ _ _ _ _ _ _ _ _ _ _ _ _ _ _ _ _ _ _ _ _ _ _ _ _ _ _ _ _ _ _ _ _ _ _ _ _ _ _ _ _ _ _ _ _ _ _ _ _ _ _ _ _ _ _ _ _ _ _ _ _ _ _\n\nself = <selenium.webdriver.remote.errorhandler.ErrorHandler object at 0x0000018587E490D0>\nresponse = {'status': 500, 'value': '{\"value\":{\"error\":\"javascript error\",\"message\":\"javascript error: {\\\\\"status\\\\\":32,\\\\\"value\\...07FF623BF18C4]\\\\n\\\\tBaseThreadInitThunk [0x00007FFCB0847344+20]\\\\n\\\\tRtlUserThreadStart [0x00007FFCB1DA26B1+33]\\\\n\"}}'}\n\n    def check_response(self, response: Dict[str, Any]) -> None:\n        \"\"\"Checks that a JSON response from the WebDriver does not have an\n        error.\n    \n        :Args:\n         - response - The JSON response from the WebDriver server as a dictionary\n           object.\n    \n        :Raises: If the response contains an error message.\n        \"\"\"\n        status = response.get(\"status\", None)\n        if not status or status == ErrorCode.SUCCESS:\n            return\n        value = None\n        message = response.get(\"message\", \"\")\n        screen: str = response.get(\"screen\", \"\")\n        stacktrace = None\n        if isinstance(status, int):\n            value_json = response.get(\"value\", None)\n            if value_json and isinstance(value_json, str):\n                import json\n    \n                try:\n                    value = json.loads(value_json)\n                    if len(value) == 1:\n                        value = value[\"value\"]\n                    status = value.get(\"error\", None)\n                    if not status:\n                        status = value.get(\"status\", ErrorCode.UNKNOWN_ERROR)\n                        message = value.get(\"value\") or value.get(\"message\")\n                        if not isinstance(message, str):\n                            value = message\n                            message = message.get(\"message\")\n                    else:\n                        message = value.get(\"message\", None)\n                except ValueError:\n                    pass\n    \n        exception_class: Type[WebDriverException]\n        e = ErrorCode()\n        error_codes = [item for item in dir(e) if not item.startswith(\"__\")]\n        for error_code in error_codes:\n            error_info = getattr(ErrorCode, error_code)\n            if isinstance(error_info, list) and status in error_info:\n                exception_class = getattr(ExceptionMapping, error_code, WebDriverException)\n                break\n        else:\n            exception_class = WebDriverException\n    \n        if not value:\n            value = response[\"value\"]\n        if isinstance(value, str):\n            raise exception_class(value)\n        if message == \"\" and \"message\" in value:\n            message = value[\"message\"]\n    \n        screen = None  # type: ignore[assignment]\n        if \"screen\" in value:\n            screen = value[\"screen\"]\n    \n        stacktrace = None\n        st_value = value.get(\"stackTrace\") or value.get(\"stacktrace\")\n        if st_value:\n            if isinstance(st_value, str):\n                stacktrace = st_value.split(\"\\n\")\n            else:\n                stacktrace = []\n                try:\n                    for frame in st_value:\n                        line = frame.get(\"lineNumber\", \"\")\n                        file = frame.get(\"fileName\", \"<anonymous>\")\n                        if line:\n                            file = f\"{file}:{line}\"\n                        meth = frame.get(\"methodName\", \"<anonymous>\")\n                        if \"className\" in frame:\n                            meth = f\"{frame['className']}.{meth}\"\n                        msg = \"    at %s (%s)\"\n                        msg = msg % (meth, file)\n                        stacktrace.append(msg)\n                except TypeError:\n                    pass\n        if exception_class == UnexpectedAlertPresentException:\n            alert_text = None\n            if \"data\" in value:\n                alert_text = value[\"data\"].get(\"text\")\n            elif \"alert\" in value:\n                alert_text = value[\"alert\"].get(\"text\")\n            raise exception_class(message, screen, stacktrace, alert_text)  # type: ignore[call-arg]  # mypy is not smart enough here\n>       raise exception_class(message, screen, stacktrace)\nE       selenium.common.exceptions.JavascriptException: Message: javascript error: {\"status\":32,\"value\":\"Unable to locate an element with the xpath expression //div[@class=['emotion-182j3cv'] [1] because of the following error:\\nSyntaxError: Failed to execute 'evaluate' on 'Document': The string '//div[@class=['emotion-182j3cv'] [1]' is not a valid XPath expression.\"}\nE         (Session info: chrome=124.0.6367.210)\nE       Stacktrace:\nE       \tGetHandleVerifier [0x00007FF623C81522+60802]\nE       \t(No symbol) [0x00007FF623BFAC22]\nE       \t(No symbol) [0x00007FF623AB7CE4]\nE       \t(No symbol) [0x00007FF623ABDE26]\nE       \t(No symbol) [0x00007FF623AC01DB]\nE       \t(No symbol) [0x00007FF623AC0280]\nE       \t(No symbol) [0x00007FF623B06A11]\nE       \t(No symbol) [0x00007FF623B06E1C]\nE       \t(No symbol) [0x00007FF623B4CE37]\nE       \t(No symbol) [0x00007FF623B2ABBF]\nE       \t(No symbol) [0x00007FF623B4A224]\nE       \t(No symbol) [0x00007FF623B2A923]\nE       \t(No symbol) [0x00007FF623AF8FEC]\nE       \t(No symbol) [0x00007FF623AF9C21]\nE       \tGetHandleVerifier [0x00007FF623F841BD+3217949]\nE       \tGetHandleVerifier [0x00007FF623FC6157+3488183]\nE       \tGetHandleVerifier [0x00007FF623FBF0DF+3459391]\nE       \tGetHandleVerifier [0x00007FF623D3B8E6+823622]\nE       \t(No symbol) [0x00007FF623C05FBF]\nE       \t(No symbol) [0x00007FF623C00EE4]\nE       \t(No symbol) [0x00007FF623C01072]\nE       \t(No symbol) [0x00007FF623BF18C4]\nE       \tBaseThreadInitThunk [0x00007FFCB0847344+20]\nE       \tRtlUserThreadStart [0x00007FFCB1DA26B1+33]\n\nvenv\\Lib\\site-packages\\selenium\\webdriver\\remote\\errorhandler.py:229: JavascriptException"}, "steps": [{"name": "Test filter_2", "status": "passed", "start": 1716477740423, "stop": 1716477740423}, {"name": "open_filters_2", "status": "passed", "start": 1716477740423, "stop": 1716477744275}, {"name": "open_search", "status": "passed", "start": 1716477744275, "stop": 1716477746399}, {"name": "plus", "status": "broken", "statusDetails": {"message": "selenium.common.exceptions.JavascriptException: Message: javascript error: {\"status\":32,\"value\":\"Unable to locate an element with the xpath expression //div[@class=['emotion-182j3cv'] [1] because of the following error:\\nSyntaxError: Failed to execute 'evaluate' on 'Document': The string '//div[@class=['emotion-182j3cv'] [1]' is not a valid XPath expression.\"}\n  (Session info: chrome=124.0.6367.210)\nStacktrace:\n\tGetHandleVerifier [0x00007FF623C81522+60802]\n\t(No symbol) [0x00007FF623BFAC22]\n\t(No symbol) [0x00007FF623AB7CE4]\n\t(No symbol) [0x00007FF623ABDE26]\n\t(No symbol) [0x00007FF623AC01DB]\n\t(No symbol) [0x00007FF623AC0280]\n\t(No symbol) [0x00007FF623B06A11]\n\t(No symbol) [0x00007FF623B06E1C]\n\t(No symbol) [0x00007FF623B4CE37]\n\t(No symbol) [0x00007FF623B2ABBF]\n\t(No symbol) [0x00007FF623B4A224]\n\t(No symbol) [0x00007FF623B2A923]\n\t(No symbol) [0x00007FF623AF8FEC]\n\t(No symbol) [0x00007FF623AF9C21]\n\tGetHandleVerifier [0x00007FF623F841BD+3217949]\n\tGetHandleVerifier [0x00007FF623FC6157+3488183]\n\tGetHandleVerifier [0x00007FF623FBF0DF+3459391]\n\tGetHandleVerifier [0x00007FF623D3B8E6+823622]\n\t(No symbol) [0x00007FF623C05FBF]\n\t(No symbol) [0x00007FF623C00EE4]\n\t(No symbol) [0x00007FF623C01072]\n\t(No symbol) [0x00007FF623BF18C4]\n\tBaseThreadInitThunk [0x00007FFCB0847344+20]\n\tRtlUserThreadStart [0x00007FFCB1DA26B1+33]\n\n", "trace": "  File \"C:\\Users\\BaybusinovV\\PycharmProjects\\Vlad-7\\tests\\test_filter_2.py\", line 19, in test_filter_2\n    filters_page_2.plus()\n  File \"C:\\Users\\BaybusinovV\\PycharmProjects\\Vlad-7\\pages\\filter_2.py\", line 23, in plus\n    self.find(plus_ingredients).click()\n    ^^^^^^^^^^^^^^^^^^^^^^^^^^^\n  File \"C:\\Users\\BaybusinovV\\PycharmProjects\\Vlad-7\\pages\\base.py\", line 7, in find\n    return self.browser.find_element(*args)\n           ^^^^^^^^^^^^^^^^^^^^^^^^^^^^^^^^\n  File \"C:\\Users\\BaybusinovV\\PycharmProjects\\Vlad-7\\venv\\Lib\\site-packages\\selenium\\webdriver\\remote\\webdriver.py\", line 741, in find_element\n    return self.execute(Command.FIND_ELEMENT, {\"using\": by, \"value\": value})[\"value\"]\n           ^^^^^^^^^^^^^^^^^^^^^^^^^^^^^^^^^^^^^^^^^^^^^^^^^^^^^^^^^^^^^^^^^\n  File \"C:\\Users\\BaybusinovV\\PycharmProjects\\Vlad-7\\venv\\Lib\\site-packages\\selenium\\webdriver\\remote\\webdriver.py\", line 347, in execute\n    self.error_handler.check_response(response)\n  File \"C:\\Users\\BaybusinovV\\PycharmProjects\\Vlad-7\\venv\\Lib\\site-packages\\selenium\\webdriver\\remote\\errorhandler.py\", line 229, in check_response\n    raise exception_class(message, screen, stacktrace)\n"}, "start": 1716477746399, "stop": 1716477746465}], "start": 1716477740423, "stop": 1716477746472, "uuid": "f6ab88a1-fa7e-4c3d-a5d6-08d55f3c4e27", "historyId": "f0387d49e8fbe599162a5d270e4e83d4", "testCaseId": "f0387d49e8fbe599162a5d270e4e83d4", "fullName": "tests.test_filter_2#test_filter_2", "labels": [{"name": "parentSuite", "value": "tests"}, {"name": "suite", "value": "test_filter_2"}, {"name": "host", "value": "601-09ssd"}, {"name": "thread", "value": "8096-MainThread"}, {"name": "framework", "value": "pytest"}, {"name": "language", "value": "cpython3"}, {"name": "package", "value": "tests.test_filter_2"}]}