{"uuid": "2dad984d-779e-481f-a611-be81c9cc1c34", "children": ["102f0340-8990-41de-a12a-2eabb259e2d9"], "befores": [{"name": "authorized_browser", "status": "broken", "statusDetails": {"message": "selenium.common.exceptions.NoSuchElementException: Message: no such element: Unable to locate element: {\"method\":\"css selector\",\"selector\":\"[id=\"login\"]\"}\n  (Session info: chrome=124.0.6367.210); For documentation on this error, please visit: https://www.selenium.dev/documentation/webdriver/troubleshooting/errors#no-such-element-exception\nStacktrace:\n\tGetHandleVerifier [0x00007FF623C81522+60802]\n\t(No symbol) [0x00007FF623BFAC22]\n\t(No symbol) [0x00007FF623AB7CE4]\n\t(No symbol) [0x00007FF623B06D4D]\n\t(No symbol) [0x00007FF623B06E1C]\n\t(No symbol) [0x00007FF623B4CE37]\n\t(No symbol) [0x00007FF623B2ABBF]\n\t(No symbol) [0x00007FF623B4A224]\n\t(No symbol) [0x00007FF623B2A923]\n\t(No symbol) [0x00007FF623AF8FEC]\n\t(No symbol) [0x00007FF623AF9C21]\n\tGetHandleVerifier [0x00007FF623F841BD+3217949]\n\tGetHandleVerifier [0x00007FF623FC6157+3488183]\n\tGetHandleVerifier [0x00007FF623FBF0DF+3459391]\n\tGetHandleVerifier [0x00007FF623D3B8E6+823622]\n\t(No symbol) [0x00007FF623C05FBF]\n\t(No symbol) [0x00007FF623C00EE4]\n\t(No symbol) [0x00007FF623C01072]\n\t(No symbol) [0x00007FF623BF18C4]\n\tBaseThreadInitThunk [0x00007FFCB0847344+20]\n\tRtlUserThreadStart [0x00007FFCB1DA26B1+33]\n\n", "trace": "  File \"C:\\Users\\BaybusinovV\\PycharmProjects\\Vlad-7\\venv\\Lib\\site-packages\\pluggy\\_callers.py\", line 167, in _multicall\n    teardown.throw(outcome._exception)\n  File \"C:\\Users\\BaybusinovV\\PycharmProjects\\Vlad-7\\venv\\Lib\\site-packages\\_pytest\\setuponly.py\", line 36, in pytest_fixture_setup\n    return (yield)\n            ^^^^^\n  File \"C:\\Users\\BaybusinovV\\PycharmProjects\\Vlad-7\\venv\\Lib\\site-packages\\pluggy\\_callers.py\", line 103, in _multicall\n    res = hook_impl.function(*args)\n          ^^^^^^^^^^^^^^^^^^^^^^^^^\n  File \"C:\\Users\\BaybusinovV\\PycharmProjects\\Vlad-7\\venv\\Lib\\site-packages\\_pytest\\fixtures.py\", line 1122, in pytest_fixture_setup\n    result = call_fixture_func(fixturefunc, request, kwargs)\n             ^^^^^^^^^^^^^^^^^^^^^^^^^^^^^^^^^^^^^^^^^^^^^^^\n  File \"C:\\Users\\BaybusinovV\\PycharmProjects\\Vlad-7\\venv\\Lib\\site-packages\\_pytest\\fixtures.py\", line 884, in call_fixture_func\n    fixture_result = fixturefunc(**kwargs)\n                     ^^^^^^^^^^^^^^^^^^^^^\n  File \"C:\\Users\\BaybusinovV\\PycharmProjects\\Vlad-7\\tests\\test_autorization.py\", line 31, in authorized_browser\n    autorization_page.post\n  File \"C:\\Users\\BaybusinovV\\PycharmProjects\\Vlad-7\\pages\\autorization.py\", line 24, in post\n    self.find(login).click()\n    ^^^^^^^^^^^^^^^^\n  File \"C:\\Users\\BaybusinovV\\PycharmProjects\\Vlad-7\\pages\\base.py\", line 7, in find\n    return self.browser.find_element(*args)\n           ^^^^^^^^^^^^^^^^^^^^^^^^^^^^^^^^\n  File \"C:\\Users\\BaybusinovV\\PycharmProjects\\Vlad-7\\venv\\Lib\\site-packages\\selenium\\webdriver\\remote\\webdriver.py\", line 741, in find_element\n    return self.execute(Command.FIND_ELEMENT, {\"using\": by, \"value\": value})[\"value\"]\n           ^^^^^^^^^^^^^^^^^^^^^^^^^^^^^^^^^^^^^^^^^^^^^^^^^^^^^^^^^^^^^^^^^\n  File \"C:\\Users\\BaybusinovV\\PycharmProjects\\Vlad-7\\venv\\Lib\\site-packages\\selenium\\webdriver\\remote\\webdriver.py\", line 347, in execute\n    self.error_handler.check_response(response)\n  File \"C:\\Users\\BaybusinovV\\PycharmProjects\\Vlad-7\\venv\\Lib\\site-packages\\selenium\\webdriver\\remote\\errorhandler.py\", line 229, in check_response\n    raise exception_class(message, screen, stacktrace)\n"}, "steps": [{"name": "Open browser autorization page", "status": "passed", "start": 1716479952753, "stop": 1716479952753}, {"name": "Go to web-side", "status": "passed", "start": 1716479952753, "stop": 1716479955022}, {"name": "Sing in", "status": "passed", "start": 1716479955022, "stop": 1716479960155}, {"name": "Switch to new window", "status": "passed", "start": 1716479960155, "stop": 1716479960173}, {"name": "Post", "status": "broken", "statusDetails": {"message": "selenium.common.exceptions.NoSuchElementException: Message: no such element: Unable to locate element: {\"method\":\"css selector\",\"selector\":\"[id=\"login\"]\"}\n  (Session info: chrome=124.0.6367.210); For documentation on this error, please visit: https://www.selenium.dev/documentation/webdriver/troubleshooting/errors#no-such-element-exception\nStacktrace:\n\tGetHandleVerifier [0x00007FF623C81522+60802]\n\t(No symbol) [0x00007FF623BFAC22]\n\t(No symbol) [0x00007FF623AB7CE4]\n\t(No symbol) [0x00007FF623B06D4D]\n\t(No symbol) [0x00007FF623B06E1C]\n\t(No symbol) [0x00007FF623B4CE37]\n\t(No symbol) [0x00007FF623B2ABBF]\n\t(No symbol) [0x00007FF623B4A224]\n\t(No symbol) [0x00007FF623B2A923]\n\t(No symbol) [0x00007FF623AF8FEC]\n\t(No symbol) [0x00007FF623AF9C21]\n\tGetHandleVerifier [0x00007FF623F841BD+3217949]\n\tGetHandleVerifier [0x00007FF623FC6157+3488183]\n\tGetHandleVerifier [0x00007FF623FBF0DF+3459391]\n\tGetHandleVerifier [0x00007FF623D3B8E6+823622]\n\t(No symbol) [0x00007FF623C05FBF]\n\t(No symbol) [0x00007FF623C00EE4]\n\t(No symbol) [0x00007FF623C01072]\n\t(No symbol) [0x00007FF623BF18C4]\n\tBaseThreadInitThunk [0x00007FFCB0847344+20]\n\tRtlUserThreadStart [0x00007FFCB1DA26B1+33]\n\n", "trace": "  File \"C:\\Users\\BaybusinovV\\PycharmProjects\\Vlad-7\\tests\\test_autorization.py\", line 31, in authorized_browser\n    autorization_page.post\n  File \"C:\\Users\\BaybusinovV\\PycharmProjects\\Vlad-7\\pages\\autorization.py\", line 24, in post\n    self.find(login).click()\n    ^^^^^^^^^^^^^^^^\n  File \"C:\\Users\\BaybusinovV\\PycharmProjects\\Vlad-7\\pages\\base.py\", line 7, in find\n    return self.browser.find_element(*args)\n           ^^^^^^^^^^^^^^^^^^^^^^^^^^^^^^^^\n  File \"C:\\Users\\BaybusinovV\\PycharmProjects\\Vlad-7\\venv\\Lib\\site-packages\\selenium\\webdriver\\remote\\webdriver.py\", line 741, in find_element\n    return self.execute(Command.FIND_ELEMENT, {\"using\": by, \"value\": value})[\"value\"]\n           ^^^^^^^^^^^^^^^^^^^^^^^^^^^^^^^^^^^^^^^^^^^^^^^^^^^^^^^^^^^^^^^^^\n  File \"C:\\Users\\BaybusinovV\\PycharmProjects\\Vlad-7\\venv\\Lib\\site-packages\\selenium\\webdriver\\remote\\webdriver.py\", line 347, in execute\n    self.error_handler.check_response(response)\n  File \"C:\\Users\\BaybusinovV\\PycharmProjects\\Vlad-7\\venv\\Lib\\site-packages\\selenium\\webdriver\\remote\\errorhandler.py\", line 229, in check_response\n    raise exception_class(message, screen, stacktrace)\n"}, "start": 1716479960174, "stop": 1716479970250}], "start": 1716479952753, "stop": 1716479970273}], "start": 1716479952753, "stop": 1716479970454}