{"name": "test_filter_2", "status": "broken", "statusDetails": {"message": "selenium.common.exceptions.NoSuchElementException: Message: no such element: Unable to locate element: {\"method\":\"xpath\",\"selector\":\"//div[@class='emotion-1ql2ttx'][1]\"}\n  (Session info: chrome=125.0.6422.77); For documentation on this error, please visit: https://www.selenium.dev/documentation/webdriver/troubleshooting/errors#no-such-element-exception\nStacktrace:\n\tGetHandleVerifier [0x00007FF697701F22+60322]\n\t(No symbol) [0x00007FF69767CE99]\n\t(No symbol) [0x00007FF697537EBA]\n\t(No symbol) [0x00007FF697587676]\n\t(No symbol) [0x00007FF69758773C]\n\t(No symbol) [0x00007FF6975CE967]\n\t(No symbol) [0x00007FF6975AC25F]\n\t(No symbol) [0x00007FF6975CBC80]\n\t(No symbol) [0x00007FF6975ABFC3]\n\t(No symbol) [0x00007FF697579617]\n\t(No symbol) [0x00007FF69757A211]\n\tGetHandleVerifier [0x00007FF697A1946D+3301613]\n\tGetHandleVerifier [0x00007FF697A63693+3605267]\n\tGetHandleVerifier [0x00007FF697A59410+3563664]\n\tGetHandleVerifier [0x00007FF6977B42F6+790390]\n\t(No symbol) [0x00007FF6976874DF]\n\t(No symbol) [0x00007FF6976833D4]\n\t(No symbol) [0x00007FF697683562]\n\t(No symbol) [0x00007FF697672F6F]\n\tBaseThreadInitThunk [0x00007FFD988B74B4+20]\n\tRtlUserThreadStart [0x00007FFD98DC26A1+33]", "trace": "browser = <selenium.webdriver.chrome.webdriver.WebDriver (session=\"012745d698992af038a46684e37ab0b4\")>\n\n    def test_filter_2(browser):\n        with allure.step('Test filter_2'):\n            filters_page_2 = FiltersPage2(browser)\n    \n        with allure.step(\"open_filters_2\"):\n            filters_page_2.open()\n            sleep(3)\n    \n        with allure.step(\"open_search\"):\n            filters_page_2.open_search()\n    \n        with allure.step(\"find_plus\"):\n>           filters_page_2.find_plus()\n\ntests\\test_filter_2.py:18: \n_ _ _ _ _ _ _ _ _ _ _ _ _ _ _ _ _ _ _ _ _ _ _ _ _ _ _ _ _ _ _ _ _ _ _ _ _ _ _ _ _ _ _ _ _ _ _ _ _ _ _ _ _ _ _ _ _ _ _ _ _ _ _ _ _ _ _ _ _ _ _ _ _ _ _ _ _ _ _ _ _ _ _ _ _ _ _ _ _ _ _ _ _ _ _ _ _ _ _ _ _ _ _ _ _ _ _ _ _ _ _ _ _ _\npages\\filter_2.py:29: in find_plus\n    self.plus_ingredients = self.find(plus_ingredients)\npages\\base.py:7: in find\n    return self.browser.find_element(*args)\nvenv\\Lib\\site-packages\\selenium\\webdriver\\remote\\webdriver.py:741: in find_element\n    return self.execute(Command.FIND_ELEMENT, {\"using\": by, \"value\": value})[\"value\"]\nvenv\\Lib\\site-packages\\selenium\\webdriver\\remote\\webdriver.py:347: in execute\n    self.error_handler.check_response(response)\n_ _ _ _ _ _ _ _ _ _ _ _ _ _ _ _ _ _ _ _ _ _ _ _ _ _ _ _ _ _ _ _ _ _ _ _ _ _ _ _ _ _ _ _ _ _ _ _ _ _ _ _ _ _ _ _ _ _ _ _ _ _ _ _ _ _ _ _ _ _ _ _ _ _ _ _ _ _ _ _ _ _ _ _ _ _ _ _ _ _ _ _ _ _ _ _ _ _ _ _ _ _ _ _ _ _ _ _ _ _ _ _ _ _\n\nself = <selenium.webdriver.remote.errorhandler.ErrorHandler object at 0x00000294EC3DE590>\nresponse = {'status': 404, 'value': '{\"value\":{\"error\":\"no such element\",\"message\":\"no such element: Unable to locate element: {\\...07FF697672F6F]\\\\n\\\\tBaseThreadInitThunk [0x00007FFD988B74B4+20]\\\\n\\\\tRtlUserThreadStart [0x00007FFD98DC26A1+33]\\\\n\"}}'}\n\n    def check_response(self, response: Dict[str, Any]) -> None:\n        \"\"\"Checks that a JSON response from the WebDriver does not have an\n        error.\n    \n        :Args:\n         - response - The JSON response from the WebDriver server as a dictionary\n           object.\n    \n        :Raises: If the response contains an error message.\n        \"\"\"\n        status = response.get(\"status\", None)\n        if not status or status == ErrorCode.SUCCESS:\n            return\n        value = None\n        message = response.get(\"message\", \"\")\n        screen: str = response.get(\"screen\", \"\")\n        stacktrace = None\n        if isinstance(status, int):\n            value_json = response.get(\"value\", None)\n            if value_json and isinstance(value_json, str):\n                import json\n    \n                try:\n                    value = json.loads(value_json)\n                    if len(value) == 1:\n                        value = value[\"value\"]\n                    status = value.get(\"error\", None)\n                    if not status:\n                        status = value.get(\"status\", ErrorCode.UNKNOWN_ERROR)\n                        message = value.get(\"value\") or value.get(\"message\")\n                        if not isinstance(message, str):\n                            value = message\n                            message = message.get(\"message\")\n                    else:\n                        message = value.get(\"message\", None)\n                except ValueError:\n                    pass\n    \n        exception_class: Type[WebDriverException]\n        e = ErrorCode()\n        error_codes = [item for item in dir(e) if not item.startswith(\"__\")]\n        for error_code in error_codes:\n            error_info = getattr(ErrorCode, error_code)\n            if isinstance(error_info, list) and status in error_info:\n                exception_class = getattr(ExceptionMapping, error_code, WebDriverException)\n                break\n        else:\n            exception_class = WebDriverException\n    \n        if not value:\n            value = response[\"value\"]\n        if isinstance(value, str):\n            raise exception_class(value)\n        if message == \"\" and \"message\" in value:\n            message = value[\"message\"]\n    \n        screen = None  # type: ignore[assignment]\n        if \"screen\" in value:\n            screen = value[\"screen\"]\n    \n        stacktrace = None\n        st_value = value.get(\"stackTrace\") or value.get(\"stacktrace\")\n        if st_value:\n            if isinstance(st_value, str):\n                stacktrace = st_value.split(\"\\n\")\n            else:\n                stacktrace = []\n                try:\n                    for frame in st_value:\n                        line = frame.get(\"lineNumber\", \"\")\n                        file = frame.get(\"fileName\", \"<anonymous>\")\n                        if line:\n                            file = f\"{file}:{line}\"\n                        meth = frame.get(\"methodName\", \"<anonymous>\")\n                        if \"className\" in frame:\n                            meth = f\"{frame['className']}.{meth}\"\n                        msg = \"    at %s (%s)\"\n                        msg = msg % (meth, file)\n                        stacktrace.append(msg)\n                except TypeError:\n                    pass\n        if exception_class == UnexpectedAlertPresentException:\n            alert_text = None\n            if \"data\" in value:\n                alert_text = value[\"data\"].get(\"text\")\n            elif \"alert\" in value:\n                alert_text = value[\"alert\"].get(\"text\")\n            raise exception_class(message, screen, stacktrace, alert_text)  # type: ignore[call-arg]  # mypy is not smart enough here\n>       raise exception_class(message, screen, stacktrace)\nE       selenium.common.exceptions.NoSuchElementException: Message: no such element: Unable to locate element: {\"method\":\"xpath\",\"selector\":\"//div[@class='emotion-1ql2ttx'][1]\"}\nE         (Session info: chrome=125.0.6422.77); For documentation on this error, please visit: https://www.selenium.dev/documentation/webdriver/troubleshooting/errors#no-such-element-exception\nE       Stacktrace:\nE       \tGetHandleVerifier [0x00007FF697701F22+60322]\nE       \t(No symbol) [0x00007FF69767CE99]\nE       \t(No symbol) [0x00007FF697537EBA]\nE       \t(No symbol) [0x00007FF697587676]\nE       \t(No symbol) [0x00007FF69758773C]\nE       \t(No symbol) [0x00007FF6975CE967]\nE       \t(No symbol) [0x00007FF6975AC25F]\nE       \t(No symbol) [0x00007FF6975CBC80]\nE       \t(No symbol) [0x00007FF6975ABFC3]\nE       \t(No symbol) [0x00007FF697579617]\nE       \t(No symbol) [0x00007FF69757A211]\nE       \tGetHandleVerifier [0x00007FF697A1946D+3301613]\nE       \tGetHandleVerifier [0x00007FF697A63693+3605267]\nE       \tGetHandleVerifier [0x00007FF697A59410+3563664]\nE       \tGetHandleVerifier [0x00007FF6977B42F6+790390]\nE       \t(No symbol) [0x00007FF6976874DF]\nE       \t(No symbol) [0x00007FF6976833D4]\nE       \t(No symbol) [0x00007FF697683562]\nE       \t(No symbol) [0x00007FF697672F6F]\nE       \tBaseThreadInitThunk [0x00007FFD988B74B4+20]\nE       \tRtlUserThreadStart [0x00007FFD98DC26A1+33]\n\nvenv\\Lib\\site-packages\\selenium\\webdriver\\remote\\errorhandler.py:229: NoSuchElementException"}, "steps": [{"name": "Test filter_2", "status": "passed", "start": 1716830496183, "stop": 1716830496183}, {"name": "open_filters_2", "status": "passed", "start": 1716830496183, "stop": 1716830500824}, {"name": "open_search", "status": "passed", "start": 1716830500824, "stop": 1716830502865}, {"name": "find_plus", "status": "broken", "statusDetails": {"message": "selenium.common.exceptions.NoSuchElementException: Message: no such element: Unable to locate element: {\"method\":\"xpath\",\"selector\":\"//div[@class='emotion-1ql2ttx'][1]\"}\n  (Session info: chrome=125.0.6422.77); For documentation on this error, please visit: https://www.selenium.dev/documentation/webdriver/troubleshooting/errors#no-such-element-exception\nStacktrace:\n\tGetHandleVerifier [0x00007FF697701F22+60322]\n\t(No symbol) [0x00007FF69767CE99]\n\t(No symbol) [0x00007FF697537EBA]\n\t(No symbol) [0x00007FF697587676]\n\t(No symbol) [0x00007FF69758773C]\n\t(No symbol) [0x00007FF6975CE967]\n\t(No symbol) [0x00007FF6975AC25F]\n\t(No symbol) [0x00007FF6975CBC80]\n\t(No symbol) [0x00007FF6975ABFC3]\n\t(No symbol) [0x00007FF697579617]\n\t(No symbol) [0x00007FF69757A211]\n\tGetHandleVerifier [0x00007FF697A1946D+3301613]\n\tGetHandleVerifier [0x00007FF697A63693+3605267]\n\tGetHandleVerifier [0x00007FF697A59410+3563664]\n\tGetHandleVerifier [0x00007FF6977B42F6+790390]\n\t(No symbol) [0x00007FF6976874DF]\n\t(No symbol) [0x00007FF6976833D4]\n\t(No symbol) [0x00007FF697683562]\n\t(No symbol) [0x00007FF697672F6F]\n\tBaseThreadInitThunk [0x00007FFD988B74B4+20]\n\tRtlUserThreadStart [0x00007FFD98DC26A1+33]\n\n", "trace": "  File \"C:\\Users\\BaybusinovV\\PycharmProjects\\Vlad-7\\tests\\test_filter_2.py\", line 18, in test_filter_2\n    filters_page_2.find_plus()\n  File \"C:\\Users\\BaybusinovV\\PycharmProjects\\Vlad-7\\pages\\filter_2.py\", line 29, in find_plus\n    self.plus_ingredients = self.find(plus_ingredients)\n                            ^^^^^^^^^^^^^^^^^^^^^^^^^^^\n  File \"C:\\Users\\BaybusinovV\\PycharmProjects\\Vlad-7\\pages\\base.py\", line 7, in find\n    return self.browser.find_element(*args)\n           ^^^^^^^^^^^^^^^^^^^^^^^^^^^^^^^^\n  File \"C:\\Users\\BaybusinovV\\PycharmProjects\\Vlad-7\\venv\\Lib\\site-packages\\selenium\\webdriver\\remote\\webdriver.py\", line 741, in find_element\n    return self.execute(Command.FIND_ELEMENT, {\"using\": by, \"value\": value})[\"value\"]\n           ^^^^^^^^^^^^^^^^^^^^^^^^^^^^^^^^^^^^^^^^^^^^^^^^^^^^^^^^^^^^^^^^^\n  File \"C:\\Users\\BaybusinovV\\PycharmProjects\\Vlad-7\\venv\\Lib\\site-packages\\selenium\\webdriver\\remote\\webdriver.py\", line 347, in execute\n    self.error_handler.check_response(response)\n  File \"C:\\Users\\BaybusinovV\\PycharmProjects\\Vlad-7\\venv\\Lib\\site-packages\\selenium\\webdriver\\remote\\errorhandler.py\", line 229, in check_response\n    raise exception_class(message, screen, stacktrace)\n"}, "start": 1716830502865, "stop": 1716830512903}], "start": 1716830496182, "stop": 1716830512905, "uuid": "1c79e4f1-f77b-48f7-b090-622c95ae3e5a", "historyId": "f0387d49e8fbe599162a5d270e4e83d4", "testCaseId": "f0387d49e8fbe599162a5d270e4e83d4", "fullName": "tests.test_filter_2#test_filter_2", "labels": [{"name": "parentSuite", "value": "tests"}, {"name": "suite", "value": "test_filter_2"}, {"name": "host", "value": "006-01"}, {"name": "thread", "value": "31352-MainThread"}, {"name": "framework", "value": "pytest"}, {"name": "language", "value": "cpython3"}, {"name": "package", "value": "tests.test_filter_2"}]}